<?xml version="1.0" encoding="UTF-8"?>
<!-- Generated by org.testng.reporters.JUnitReportReporter -->
<testsuite hostname="L103819.local" failures="0" tests="1" name="Tests.AddCartTest" time="25.018" errors="0" timestamp="15 Jun 2022 21:56:51 GMT" skipped="0">
  <testcase classname="Tests.AddCartTest" name="verifyAddToCartTest" time="25.018"/>
</testsuite> <!-- Tests.AddCartTest -->
